
% Dense CPTs
7 
0 
start_state_CPT 
0 % number parents
5 % cardinalities
8.60495436766613685e-03 6.58279009126467418e-01 3.33116036505866464e-01 0.00000000000000000e+00 0.00000000000000000e+00 
1 
start_length_CPT 
1 % number parents
5 13 % cardinalities
9.24242424242424199e-01 6.06060606060606147e-02 0.00000000000000000e+00 1.51515151515151433e-02 0.00000000000000000e+00 0.00000000000000000e+00 0.00000000000000000e+00 0.00000000000000000e+00 0.00000000000000000e+00 0.00000000000000000e+00 0.00000000000000000e+00 0.00000000000000000e+00 0.00000000000000000e+00 
9.86928104575163445e-01 1.24777183600712303e-02 5.94177064765296411e-04 0.00000000000000000e+00 0.00000000000000000e+00 0.00000000000000000e+00 0.00000000000000000e+00 0.00000000000000000e+00 0.00000000000000000e+00 0.00000000000000000e+00 0.00000000000000000e+00 0.00000000000000000e+00 0.00000000000000000e+00 
9.58121330724070908e-01 3.87475538160465607e-02 2.73972602739723124e-03 3.91389432485318679e-04 0.00000000000000000e+00 0.00000000000000000e+00 0.00000000000000000e+00 0.00000000000000000e+00 0.00000000000000000e+00 0.00000000000000000e+00 0.00000000000000000e+00 0.00000000000000000e+00 0.00000000000000000e+00 
7.69230769230769273e-02 7.69230769230769273e-02 7.69230769230769273e-02 7.69230769230769273e-02 7.69230769230769273e-02 7.69230769230769273e-02 7.69230769230769273e-02 7.69230769230769273e-02 7.69230769230769273e-02 7.69230769230769273e-02 7.69230769230769273e-02 7.69230769230769273e-02 7.69230769230769273e-02 
7.69230769230769273e-02 7.69230769230769273e-02 7.69230769230769273e-02 7.69230769230769273e-02 7.69230769230769273e-02 7.69230769230769273e-02 7.69230769230769273e-02 7.69230769230769273e-02 7.69230769230769273e-02 7.69230769230769273e-02 7.69230769230769273e-02 7.69230769230769273e-02 7.69230769230769273e-02 
2 
state_extension_CPT 
1 % number parents
5 5 % cardinalities
1.00000000000000000e+00 0.00000000000000000e+00 0.00000000000000000e+00 0.00000000000000000e+00 0.00000000000000000e+00 
0.00000000000000000e+00 1.00000000000000000e+00 0.00000000000000000e+00 0.00000000000000000e+00 0.00000000000000000e+00 
0.00000000000000000e+00 0.00000000000000000e+00 1.00000000000000000e+00 0.00000000000000000e+00 0.00000000000000000e+00 
0.00000000000000000e+00 0.00000000000000000e+00 0.00000000000000000e+00 1.00000000000000000e+00 0.00000000000000000e+00 
0.00000000000000000e+00 0.00000000000000000e+00 0.00000000000000000e+00 0.00000000000000000e+00 1.00000000000000000e+00 
3 
state_transition_CPT 
1 % number parents
5 5 % cardinalities
0.00000000000000000e+00 9.48355567296259444e-02 8.45330867784968160e-02 2.58486329414873706e-01 5.62145027077003534e-01 
1.18203996282522615e-02 0.00000000000000000e+00 2.87232806691436124e-02 3.57487221189573212e-01 6.01969098513030820e-01 
8.71802749827107863e-03 1.63991089945452855e-02 0.00000000000000000e+00 2.47766085464833891e-01 7.27116778042349754e-01 
2.61214844265029930e-02 5.99866121687244458e-02 2.01628852804859288e-01 0.00000000000000000e+00 7.12263050599913350e-01 
4.02096879429393594e-02 6.99934753751602357e-02 1.53756159020848909e-01 7.36040677661051523e-01 0.00000000000000000e+00 
4 
length_CPT 
1 % number parents
5 13 % cardinalities
9.86952224052718763e-01 1.12026359143323952e-02 1.38385502471164898e-03 2.63591433278409276e-04 6.58978583196023055e-05 6.58978583196023055e-05 0.00000000000000000e+00 6.58978583196023055e-05 0.00000000000000000e+00 0.00000000000000000e+00 0.00000000000000000e+00 0.00000000000000000e+00 0.00000000000000000e+00 
9.64877650342037096e-01 3.34547187149007233e-02 1.53149780485303680e-03 1.02099853656869070e-04 3.40332845522897079e-05 0.00000000000000000e+00 0.00000000000000000e+00 0.00000000000000000e+00 0.00000000000000000e+00 0.00000000000000000e+00 0.00000000000000000e+00 0.00000000000000000e+00 0.00000000000000000e+00 
8.92851943514351931e-01 9.95778133643794583e-02 6.98791672732485859e-03 4.49979486229251614e-04 1.05877526171588535e-04 2.64693815428971269e-05 0.00000000000000000e+00 0.00000000000000000e+00 0.00000000000000000e+00 0.00000000000000000e+00 0.00000000000000000e+00 0.00000000000000000e+00 0.00000000000000000e+00 
4.29546537927103178e-01 1.75522581822983637e-01 8.64022231913778860e-02 2.90576792397329066e-02 2.01071026501816220e-02 2.22775540837952570e-02 1.95492763471499971e-02 1.52590849620169271e-02 1.50511678854323861e-02 2.40068156231931056e-02 2.16183048165760755e-02 1.61516070468671266e-02 1.25450064403589884e-01 
3.29250568092343598e-01 1.89659594573312773e-01 1.05680923346910177e-01 8.47976241366135974e-02 7.09159223344644624e-02 6.07465070758398118e-02 4.80797354152106352e-02 3.68798794069322422e-02 2.74754201633388810e-02 1.78639728215617168e-02 1.12898508335764706e-02 6.51112561027703159e-03 1.08488761896185677e-02 
5 
exponential_tail_CPT 
2 % number parents
13 5 13 % cardinalities
7.69230769230769273e-02 7.69230769230769273e-02 7.69230769230769273e-02 7.69230769230769273e-02 7.69230769230769273e-02 7.69230769230769273e-02 7.69230769230769273e-02 7.69230769230769273e-02 7.69230769230769273e-02 7.69230769230769273e-02 7.69230769230769273e-02 7.69230769230769273e-02 7.69230769230769273e-02 
7.69230769230769273e-02 7.69230769230769273e-02 7.69230769230769273e-02 7.69230769230769273e-02 7.69230769230769273e-02 7.69230769230769273e-02 7.69230769230769273e-02 7.69230769230769273e-02 7.69230769230769273e-02 7.69230769230769273e-02 7.69230769230769273e-02 7.69230769230769273e-02 7.69230769230769273e-02 
7.69230769230769273e-02 7.69230769230769273e-02 7.69230769230769273e-02 7.69230769230769273e-02 7.69230769230769273e-02 7.69230769230769273e-02 7.69230769230769273e-02 7.69230769230769273e-02 7.69230769230769273e-02 7.69230769230769273e-02 7.69230769230769273e-02 7.69230769230769273e-02 7.69230769230769273e-02 
7.69230769230769273e-02 7.69230769230769273e-02 7.69230769230769273e-02 7.69230769230769273e-02 7.69230769230769273e-02 7.69230769230769273e-02 7.69230769230769273e-02 7.69230769230769273e-02 7.69230769230769273e-02 7.69230769230769273e-02 7.69230769230769273e-02 7.69230769230769273e-02 7.69230769230769273e-02 
7.69230769230769273e-02 7.69230769230769273e-02 7.69230769230769273e-02 7.69230769230769273e-02 7.69230769230769273e-02 7.69230769230769273e-02 7.69230769230769273e-02 7.69230769230769273e-02 7.69230769230769273e-02 7.69230769230769273e-02 7.69230769230769273e-02 7.69230769230769273e-02 7.69230769230769273e-02 
1.00000000000000000e+00 0.00000000000000000e+00 0.00000000000000000e+00 0.00000000000000000e+00 0.00000000000000000e+00 0.00000000000000000e+00 0.00000000000000000e+00 0.00000000000000000e+00 0.00000000000000000e+00 0.00000000000000000e+00 0.00000000000000000e+00 0.00000000000000000e+00 0.00000000000000000e+00 
1.00000000000000000e+00 0.00000000000000000e+00 0.00000000000000000e+00 0.00000000000000000e+00 0.00000000000000000e+00 0.00000000000000000e+00 0.00000000000000000e+00 0.00000000000000000e+00 0.00000000000000000e+00 0.00000000000000000e+00 0.00000000000000000e+00 0.00000000000000000e+00 0.00000000000000000e+00 
1.00000000000000000e+00 0.00000000000000000e+00 0.00000000000000000e+00 0.00000000000000000e+00 0.00000000000000000e+00 0.00000000000000000e+00 0.00000000000000000e+00 0.00000000000000000e+00 0.00000000000000000e+00 0.00000000000000000e+00 0.00000000000000000e+00 0.00000000000000000e+00 0.00000000000000000e+00 
1.00000000000000000e+00 0.00000000000000000e+00 0.00000000000000000e+00 0.00000000000000000e+00 0.00000000000000000e+00 0.00000000000000000e+00 0.00000000000000000e+00 0.00000000000000000e+00 0.00000000000000000e+00 0.00000000000000000e+00 0.00000000000000000e+00 0.00000000000000000e+00 0.00000000000000000e+00 
1.00000000000000000e+00 0.00000000000000000e+00 0.00000000000000000e+00 0.00000000000000000e+00 0.00000000000000000e+00 0.00000000000000000e+00 0.00000000000000000e+00 0.00000000000000000e+00 0.00000000000000000e+00 0.00000000000000000e+00 0.00000000000000000e+00 0.00000000000000000e+00 0.00000000000000000e+00 
0.00000000000000000e+00 1.00000000000000000e+00 0.00000000000000000e+00 0.00000000000000000e+00 0.00000000000000000e+00 0.00000000000000000e+00 0.00000000000000000e+00 0.00000000000000000e+00 0.00000000000000000e+00 0.00000000000000000e+00 0.00000000000000000e+00 0.00000000000000000e+00 0.00000000000000000e+00 
0.00000000000000000e+00 1.00000000000000000e+00 0.00000000000000000e+00 0.00000000000000000e+00 0.00000000000000000e+00 0.00000000000000000e+00 0.00000000000000000e+00 0.00000000000000000e+00 0.00000000000000000e+00 0.00000000000000000e+00 0.00000000000000000e+00 0.00000000000000000e+00 0.00000000000000000e+00 
0.00000000000000000e+00 1.00000000000000000e+00 0.00000000000000000e+00 0.00000000000000000e+00 0.00000000000000000e+00 0.00000000000000000e+00 0.00000000000000000e+00 0.00000000000000000e+00 0.00000000000000000e+00 0.00000000000000000e+00 0.00000000000000000e+00 0.00000000000000000e+00 0.00000000000000000e+00 
0.00000000000000000e+00 1.00000000000000000e+00 0.00000000000000000e+00 0.00000000000000000e+00 0.00000000000000000e+00 0.00000000000000000e+00 0.00000000000000000e+00 0.00000000000000000e+00 0.00000000000000000e+00 0.00000000000000000e+00 0.00000000000000000e+00 0.00000000000000000e+00 0.00000000000000000e+00 
0.00000000000000000e+00 1.00000000000000000e+00 0.00000000000000000e+00 0.00000000000000000e+00 0.00000000000000000e+00 0.00000000000000000e+00 0.00000000000000000e+00 0.00000000000000000e+00 0.00000000000000000e+00 0.00000000000000000e+00 0.00000000000000000e+00 0.00000000000000000e+00 0.00000000000000000e+00 
0.00000000000000000e+00 0.00000000000000000e+00 1.00000000000000000e+00 0.00000000000000000e+00 0.00000000000000000e+00 0.00000000000000000e+00 0.00000000000000000e+00 0.00000000000000000e+00 0.00000000000000000e+00 0.00000000000000000e+00 0.00000000000000000e+00 0.00000000000000000e+00 0.00000000000000000e+00 
0.00000000000000000e+00 0.00000000000000000e+00 1.00000000000000000e+00 0.00000000000000000e+00 0.00000000000000000e+00 0.00000000000000000e+00 0.00000000000000000e+00 0.00000000000000000e+00 0.00000000000000000e+00 0.00000000000000000e+00 0.00000000000000000e+00 0.00000000000000000e+00 0.00000000000000000e+00 
0.00000000000000000e+00 0.00000000000000000e+00 1.00000000000000000e+00 0.00000000000000000e+00 0.00000000000000000e+00 0.00000000000000000e+00 0.00000000000000000e+00 0.00000000000000000e+00 0.00000000000000000e+00 0.00000000000000000e+00 0.00000000000000000e+00 0.00000000000000000e+00 0.00000000000000000e+00 
0.00000000000000000e+00 0.00000000000000000e+00 1.00000000000000000e+00 0.00000000000000000e+00 0.00000000000000000e+00 0.00000000000000000e+00 0.00000000000000000e+00 0.00000000000000000e+00 0.00000000000000000e+00 0.00000000000000000e+00 0.00000000000000000e+00 0.00000000000000000e+00 0.00000000000000000e+00 
0.00000000000000000e+00 0.00000000000000000e+00 1.00000000000000000e+00 0.00000000000000000e+00 0.00000000000000000e+00 0.00000000000000000e+00 0.00000000000000000e+00 0.00000000000000000e+00 0.00000000000000000e+00 0.00000000000000000e+00 0.00000000000000000e+00 0.00000000000000000e+00 0.00000000000000000e+00 
0.00000000000000000e+00 0.00000000000000000e+00 0.00000000000000000e+00 1.00000000000000000e+00 0.00000000000000000e+00 0.00000000000000000e+00 0.00000000000000000e+00 0.00000000000000000e+00 0.00000000000000000e+00 0.00000000000000000e+00 0.00000000000000000e+00 0.00000000000000000e+00 0.00000000000000000e+00 
0.00000000000000000e+00 0.00000000000000000e+00 0.00000000000000000e+00 1.00000000000000000e+00 0.00000000000000000e+00 0.00000000000000000e+00 0.00000000000000000e+00 0.00000000000000000e+00 0.00000000000000000e+00 0.00000000000000000e+00 0.00000000000000000e+00 0.00000000000000000e+00 0.00000000000000000e+00 
0.00000000000000000e+00 0.00000000000000000e+00 0.00000000000000000e+00 1.00000000000000000e+00 0.00000000000000000e+00 0.00000000000000000e+00 0.00000000000000000e+00 0.00000000000000000e+00 0.00000000000000000e+00 0.00000000000000000e+00 0.00000000000000000e+00 0.00000000000000000e+00 0.00000000000000000e+00 
0.00000000000000000e+00 0.00000000000000000e+00 0.00000000000000000e+00 1.00000000000000000e+00 0.00000000000000000e+00 0.00000000000000000e+00 0.00000000000000000e+00 0.00000000000000000e+00 0.00000000000000000e+00 0.00000000000000000e+00 0.00000000000000000e+00 0.00000000000000000e+00 0.00000000000000000e+00 
0.00000000000000000e+00 0.00000000000000000e+00 0.00000000000000000e+00 1.00000000000000000e+00 0.00000000000000000e+00 0.00000000000000000e+00 0.00000000000000000e+00 0.00000000000000000e+00 0.00000000000000000e+00 0.00000000000000000e+00 0.00000000000000000e+00 0.00000000000000000e+00 0.00000000000000000e+00 
0.00000000000000000e+00 0.00000000000000000e+00 0.00000000000000000e+00 0.00000000000000000e+00 1.00000000000000000e+00 0.00000000000000000e+00 0.00000000000000000e+00 0.00000000000000000e+00 0.00000000000000000e+00 0.00000000000000000e+00 0.00000000000000000e+00 0.00000000000000000e+00 0.00000000000000000e+00 
7.69230769230769273e-02 7.69230769230769273e-02 7.69230769230769273e-02 7.69230769230769273e-02 7.69230769230769273e-02 7.69230769230769273e-02 7.69230769230769273e-02 7.69230769230769273e-02 7.69230769230769273e-02 7.69230769230769273e-02 7.69230769230769273e-02 7.69230769230769273e-02 7.69230769230769273e-02 
0.00000000000000000e+00 0.00000000000000000e+00 0.00000000000000000e+00 0.00000000000000000e+00 1.00000000000000000e+00 0.00000000000000000e+00 0.00000000000000000e+00 0.00000000000000000e+00 0.00000000000000000e+00 0.00000000000000000e+00 0.00000000000000000e+00 0.00000000000000000e+00 0.00000000000000000e+00 
0.00000000000000000e+00 0.00000000000000000e+00 0.00000000000000000e+00 0.00000000000000000e+00 1.00000000000000000e+00 0.00000000000000000e+00 0.00000000000000000e+00 0.00000000000000000e+00 0.00000000000000000e+00 0.00000000000000000e+00 0.00000000000000000e+00 0.00000000000000000e+00 0.00000000000000000e+00 
0.00000000000000000e+00 0.00000000000000000e+00 0.00000000000000000e+00 0.00000000000000000e+00 1.00000000000000000e+00 0.00000000000000000e+00 0.00000000000000000e+00 0.00000000000000000e+00 0.00000000000000000e+00 0.00000000000000000e+00 0.00000000000000000e+00 0.00000000000000000e+00 0.00000000000000000e+00 
0.00000000000000000e+00 0.00000000000000000e+00 0.00000000000000000e+00 0.00000000000000000e+00 0.00000000000000000e+00 1.00000000000000000e+00 0.00000000000000000e+00 0.00000000000000000e+00 0.00000000000000000e+00 0.00000000000000000e+00 0.00000000000000000e+00 0.00000000000000000e+00 0.00000000000000000e+00 
7.69230769230769273e-02 7.69230769230769273e-02 7.69230769230769273e-02 7.69230769230769273e-02 7.69230769230769273e-02 7.69230769230769273e-02 7.69230769230769273e-02 7.69230769230769273e-02 7.69230769230769273e-02 7.69230769230769273e-02 7.69230769230769273e-02 7.69230769230769273e-02 7.69230769230769273e-02 
7.69230769230769273e-02 7.69230769230769273e-02 7.69230769230769273e-02 7.69230769230769273e-02 7.69230769230769273e-02 7.69230769230769273e-02 7.69230769230769273e-02 7.69230769230769273e-02 7.69230769230769273e-02 7.69230769230769273e-02 7.69230769230769273e-02 7.69230769230769273e-02 7.69230769230769273e-02 
0.00000000000000000e+00 0.00000000000000000e+00 0.00000000000000000e+00 0.00000000000000000e+00 0.00000000000000000e+00 1.00000000000000000e+00 0.00000000000000000e+00 0.00000000000000000e+00 0.00000000000000000e+00 0.00000000000000000e+00 0.00000000000000000e+00 0.00000000000000000e+00 0.00000000000000000e+00 
0.00000000000000000e+00 0.00000000000000000e+00 0.00000000000000000e+00 0.00000000000000000e+00 0.00000000000000000e+00 1.00000000000000000e+00 0.00000000000000000e+00 0.00000000000000000e+00 0.00000000000000000e+00 0.00000000000000000e+00 0.00000000000000000e+00 0.00000000000000000e+00 0.00000000000000000e+00 
0.00000000000000000e+00 0.00000000000000000e+00 0.00000000000000000e+00 0.00000000000000000e+00 0.00000000000000000e+00 0.00000000000000000e+00 1.00000000000000000e+00 0.00000000000000000e+00 0.00000000000000000e+00 0.00000000000000000e+00 0.00000000000000000e+00 0.00000000000000000e+00 0.00000000000000000e+00 
7.69230769230769273e-02 7.69230769230769273e-02 7.69230769230769273e-02 7.69230769230769273e-02 7.69230769230769273e-02 7.69230769230769273e-02 7.69230769230769273e-02 7.69230769230769273e-02 7.69230769230769273e-02 7.69230769230769273e-02 7.69230769230769273e-02 7.69230769230769273e-02 7.69230769230769273e-02 
7.69230769230769273e-02 7.69230769230769273e-02 7.69230769230769273e-02 7.69230769230769273e-02 7.69230769230769273e-02 7.69230769230769273e-02 7.69230769230769273e-02 7.69230769230769273e-02 7.69230769230769273e-02 7.69230769230769273e-02 7.69230769230769273e-02 7.69230769230769273e-02 7.69230769230769273e-02 
0.00000000000000000e+00 0.00000000000000000e+00 0.00000000000000000e+00 0.00000000000000000e+00 0.00000000000000000e+00 0.00000000000000000e+00 1.00000000000000000e+00 0.00000000000000000e+00 0.00000000000000000e+00 0.00000000000000000e+00 0.00000000000000000e+00 0.00000000000000000e+00 0.00000000000000000e+00 
0.00000000000000000e+00 0.00000000000000000e+00 0.00000000000000000e+00 0.00000000000000000e+00 0.00000000000000000e+00 0.00000000000000000e+00 1.00000000000000000e+00 0.00000000000000000e+00 0.00000000000000000e+00 0.00000000000000000e+00 0.00000000000000000e+00 0.00000000000000000e+00 0.00000000000000000e+00 
7.69230769230769273e-02 7.69230769230769273e-02 7.69230769230769273e-02 7.69230769230769273e-02 7.69230769230769273e-02 7.69230769230769273e-02 7.69230769230769273e-02 7.69230769230769273e-02 7.69230769230769273e-02 7.69230769230769273e-02 7.69230769230769273e-02 7.69230769230769273e-02 7.69230769230769273e-02 
7.69230769230769273e-02 7.69230769230769273e-02 7.69230769230769273e-02 7.69230769230769273e-02 7.69230769230769273e-02 7.69230769230769273e-02 7.69230769230769273e-02 7.69230769230769273e-02 7.69230769230769273e-02 7.69230769230769273e-02 7.69230769230769273e-02 7.69230769230769273e-02 7.69230769230769273e-02 
7.69230769230769273e-02 7.69230769230769273e-02 7.69230769230769273e-02 7.69230769230769273e-02 7.69230769230769273e-02 7.69230769230769273e-02 7.69230769230769273e-02 7.69230769230769273e-02 7.69230769230769273e-02 7.69230769230769273e-02 7.69230769230769273e-02 7.69230769230769273e-02 7.69230769230769273e-02 
0.00000000000000000e+00 0.00000000000000000e+00 0.00000000000000000e+00 0.00000000000000000e+00 0.00000000000000000e+00 0.00000000000000000e+00 0.00000000000000000e+00 1.00000000000000000e+00 0.00000000000000000e+00 0.00000000000000000e+00 0.00000000000000000e+00 0.00000000000000000e+00 0.00000000000000000e+00 
0.00000000000000000e+00 0.00000000000000000e+00 0.00000000000000000e+00 0.00000000000000000e+00 0.00000000000000000e+00 0.00000000000000000e+00 0.00000000000000000e+00 1.00000000000000000e+00 0.00000000000000000e+00 0.00000000000000000e+00 0.00000000000000000e+00 0.00000000000000000e+00 0.00000000000000000e+00 
7.69230769230769273e-02 7.69230769230769273e-02 7.69230769230769273e-02 7.69230769230769273e-02 7.69230769230769273e-02 7.69230769230769273e-02 7.69230769230769273e-02 7.69230769230769273e-02 7.69230769230769273e-02 7.69230769230769273e-02 7.69230769230769273e-02 7.69230769230769273e-02 7.69230769230769273e-02 
7.69230769230769273e-02 7.69230769230769273e-02 7.69230769230769273e-02 7.69230769230769273e-02 7.69230769230769273e-02 7.69230769230769273e-02 7.69230769230769273e-02 7.69230769230769273e-02 7.69230769230769273e-02 7.69230769230769273e-02 7.69230769230769273e-02 7.69230769230769273e-02 7.69230769230769273e-02 
7.69230769230769273e-02 7.69230769230769273e-02 7.69230769230769273e-02 7.69230769230769273e-02 7.69230769230769273e-02 7.69230769230769273e-02 7.69230769230769273e-02 7.69230769230769273e-02 7.69230769230769273e-02 7.69230769230769273e-02 7.69230769230769273e-02 7.69230769230769273e-02 7.69230769230769273e-02 
0.00000000000000000e+00 0.00000000000000000e+00 0.00000000000000000e+00 0.00000000000000000e+00 0.00000000000000000e+00 0.00000000000000000e+00 0.00000000000000000e+00 0.00000000000000000e+00 1.00000000000000000e+00 0.00000000000000000e+00 0.00000000000000000e+00 0.00000000000000000e+00 0.00000000000000000e+00 
0.00000000000000000e+00 0.00000000000000000e+00 0.00000000000000000e+00 0.00000000000000000e+00 0.00000000000000000e+00 0.00000000000000000e+00 0.00000000000000000e+00 0.00000000000000000e+00 1.00000000000000000e+00 0.00000000000000000e+00 0.00000000000000000e+00 0.00000000000000000e+00 0.00000000000000000e+00 
7.69230769230769273e-02 7.69230769230769273e-02 7.69230769230769273e-02 7.69230769230769273e-02 7.69230769230769273e-02 7.69230769230769273e-02 7.69230769230769273e-02 7.69230769230769273e-02 7.69230769230769273e-02 7.69230769230769273e-02 7.69230769230769273e-02 7.69230769230769273e-02 7.69230769230769273e-02 
7.69230769230769273e-02 7.69230769230769273e-02 7.69230769230769273e-02 7.69230769230769273e-02 7.69230769230769273e-02 7.69230769230769273e-02 7.69230769230769273e-02 7.69230769230769273e-02 7.69230769230769273e-02 7.69230769230769273e-02 7.69230769230769273e-02 7.69230769230769273e-02 7.69230769230769273e-02 
7.69230769230769273e-02 7.69230769230769273e-02 7.69230769230769273e-02 7.69230769230769273e-02 7.69230769230769273e-02 7.69230769230769273e-02 7.69230769230769273e-02 7.69230769230769273e-02 7.69230769230769273e-02 7.69230769230769273e-02 7.69230769230769273e-02 7.69230769230769273e-02 7.69230769230769273e-02 
0.00000000000000000e+00 0.00000000000000000e+00 0.00000000000000000e+00 0.00000000000000000e+00 0.00000000000000000e+00 0.00000000000000000e+00 0.00000000000000000e+00 0.00000000000000000e+00 0.00000000000000000e+00 1.00000000000000000e+00 0.00000000000000000e+00 0.00000000000000000e+00 0.00000000000000000e+00 
0.00000000000000000e+00 0.00000000000000000e+00 0.00000000000000000e+00 0.00000000000000000e+00 0.00000000000000000e+00 0.00000000000000000e+00 0.00000000000000000e+00 0.00000000000000000e+00 0.00000000000000000e+00 1.00000000000000000e+00 0.00000000000000000e+00 0.00000000000000000e+00 0.00000000000000000e+00 
7.69230769230769273e-02 7.69230769230769273e-02 7.69230769230769273e-02 7.69230769230769273e-02 7.69230769230769273e-02 7.69230769230769273e-02 7.69230769230769273e-02 7.69230769230769273e-02 7.69230769230769273e-02 7.69230769230769273e-02 7.69230769230769273e-02 7.69230769230769273e-02 7.69230769230769273e-02 
7.69230769230769273e-02 7.69230769230769273e-02 7.69230769230769273e-02 7.69230769230769273e-02 7.69230769230769273e-02 7.69230769230769273e-02 7.69230769230769273e-02 7.69230769230769273e-02 7.69230769230769273e-02 7.69230769230769273e-02 7.69230769230769273e-02 7.69230769230769273e-02 7.69230769230769273e-02 
7.69230769230769273e-02 7.69230769230769273e-02 7.69230769230769273e-02 7.69230769230769273e-02 7.69230769230769273e-02 7.69230769230769273e-02 7.69230769230769273e-02 7.69230769230769273e-02 7.69230769230769273e-02 7.69230769230769273e-02 7.69230769230769273e-02 7.69230769230769273e-02 7.69230769230769273e-02 
0.00000000000000000e+00 0.00000000000000000e+00 0.00000000000000000e+00 0.00000000000000000e+00 0.00000000000000000e+00 0.00000000000000000e+00 0.00000000000000000e+00 0.00000000000000000e+00 0.00000000000000000e+00 0.00000000000000000e+00 1.00000000000000000e+00 0.00000000000000000e+00 0.00000000000000000e+00 
0.00000000000000000e+00 0.00000000000000000e+00 0.00000000000000000e+00 0.00000000000000000e+00 0.00000000000000000e+00 0.00000000000000000e+00 0.00000000000000000e+00 0.00000000000000000e+00 0.00000000000000000e+00 0.00000000000000000e+00 1.00000000000000000e+00 0.00000000000000000e+00 0.00000000000000000e+00 
7.69230769230769273e-02 7.69230769230769273e-02 7.69230769230769273e-02 7.69230769230769273e-02 7.69230769230769273e-02 7.69230769230769273e-02 7.69230769230769273e-02 7.69230769230769273e-02 7.69230769230769273e-02 7.69230769230769273e-02 7.69230769230769273e-02 7.69230769230769273e-02 7.69230769230769273e-02 
7.69230769230769273e-02 7.69230769230769273e-02 7.69230769230769273e-02 7.69230769230769273e-02 7.69230769230769273e-02 7.69230769230769273e-02 7.69230769230769273e-02 7.69230769230769273e-02 7.69230769230769273e-02 7.69230769230769273e-02 7.69230769230769273e-02 7.69230769230769273e-02 7.69230769230769273e-02 
7.69230769230769273e-02 7.69230769230769273e-02 7.69230769230769273e-02 7.69230769230769273e-02 7.69230769230769273e-02 7.69230769230769273e-02 7.69230769230769273e-02 7.69230769230769273e-02 7.69230769230769273e-02 7.69230769230769273e-02 7.69230769230769273e-02 7.69230769230769273e-02 7.69230769230769273e-02 
0.00000000000000000e+00 0.00000000000000000e+00 0.00000000000000000e+00 0.00000000000000000e+00 0.00000000000000000e+00 0.00000000000000000e+00 0.00000000000000000e+00 0.00000000000000000e+00 0.00000000000000000e+00 0.00000000000000000e+00 0.00000000000000000e+00 1.70465821389197830e-01 8.29534178610802142e-01 
0.00000000000000000e+00 0.00000000000000000e+00 0.00000000000000000e+00 0.00000000000000000e+00 0.00000000000000000e+00 0.00000000000000000e+00 0.00000000000000000e+00 0.00000000000000000e+00 0.00000000000000000e+00 0.00000000000000000e+00 0.00000000000000000e+00 3.60874120640625129e-01 6.39125879359374927e-01 
6 
Fi_given_Di_CPT 
1 % number parents
13 2 % cardinalities
0.00000000000000000e+00 1.00000000000000000e+00 
1.00000000000000000e+00 0.00000000000000000e+00 
1.00000000000000000e+00 0.00000000000000000e+00 
1.00000000000000000e+00 0.00000000000000000e+00 
1.00000000000000000e+00 0.00000000000000000e+00 
1.00000000000000000e+00 0.00000000000000000e+00 
1.00000000000000000e+00 0.00000000000000000e+00 
1.00000000000000000e+00 0.00000000000000000e+00 
1.00000000000000000e+00 0.00000000000000000e+00 
1.00000000000000000e+00 0.00000000000000000e+00 
1.00000000000000000e+00 0.00000000000000000e+00 
1.00000000000000000e+00 0.00000000000000000e+00 
1.00000000000000000e+00 0.00000000000000000e+00 

